2025-07-13 13:58:22,737 INFO o.a.j.u.JMeterUtils: Setting Locale to en_EN
2025-07-13 13:58:22,748 INFO o.a.j.JMeter: Loading user properties from: /opt/homebrew/Cellar/jmeter/5.6.3/libexec/bin/user.properties
2025-07-13 13:58:22,748 INFO o.a.j.JMeter: Loading system properties from: /opt/homebrew/Cellar/jmeter/5.6.3/libexec/bin/system.properties
2025-07-13 13:58:22,750 INFO o.a.j.JMeter: Copyright (c) 1998-2024 The Apache Software Foundation
2025-07-13 13:58:22,750 INFO o.a.j.JMeter: Version 5.6.3
2025-07-13 13:58:22,750 INFO o.a.j.JMeter: java.version=21.0.7
2025-07-13 13:58:22,750 INFO o.a.j.JMeter: java.vm.name=OpenJDK 64-Bit Server VM
2025-07-13 13:58:22,750 INFO o.a.j.JMeter: os.name=Mac OS X
2025-07-13 13:58:22,750 INFO o.a.j.JMeter: os.arch=aarch64
2025-07-13 13:58:22,750 INFO o.a.j.JMeter: os.version=13.5
2025-07-13 13:58:22,751 INFO o.a.j.JMeter: file.encoding=UTF-8
2025-07-13 13:58:22,751 INFO o.a.j.JMeter: java.awt.headless=true
2025-07-13 13:58:22,751 INFO o.a.j.JMeter: Max memory     =1073741824
2025-07-13 13:58:22,751 INFO o.a.j.JMeter: Available Processors =10
2025-07-13 13:58:22,755 INFO o.a.j.JMeter: Default Locale=English (EN)
2025-07-13 13:58:22,756 INFO o.a.j.JMeter: JMeter  Locale=English (EN)
2025-07-13 13:58:22,756 INFO o.a.j.JMeter: JMeterHome=/opt/homebrew/Cellar/jmeter/5.6.3/libexec
2025-07-13 13:58:22,756 INFO o.a.j.JMeter: user.dir  =/Users/mohammad.haidar/AndroidStudioProjects/CashiPaymentApp/jmeter
2025-07-13 13:58:22,756 INFO o.a.j.JMeter: PWD       =/Users/mohammad.haidar/AndroidStudioProjects/CashiPaymentApp/jmeter
2025-07-13 13:58:22,757 INFO o.a.j.JMeter: IP: 10.60.94.88 Name: Omio-5BF21774 FullName: 10.60.94.88
2025-07-13 13:58:22,763 ERROR o.a.j.JMeter: An error occurred: 
java.lang.IllegalArgumentException: Cannot write to '/Users/mohammad.haidar/AndroidStudioProjects/CashiPaymentApp/jmeter/report' as folder is not empty
	at org.apache.jorphan.util.JOrphanUtils.canSafelyWriteToFolder(JOrphanUtils.java:664) ~[jorphan.jar:5.6.3]
	at org.apache.jorphan.util.JOrphanUtils.canSafelyWriteToFolder(JOrphanUtils.java:620) ~[jorphan.jar:5.6.3]
	at org.apache.jmeter.JMeter.extractAndSetReportOutputFolder(JMeter.java:542) ~[ApacheJMeter_core.jar:5.6.3]
	at org.apache.jmeter.JMeter.start(JMeter.java:492) [ApacheJMeter_core.jar:5.6.3]
	at java.base/jdk.internal.reflect.DirectMethodHandleAccessor.invoke(DirectMethodHandleAccessor.java:103) ~[?:?]
	at java.base/java.lang.reflect.Method.invoke(Method.java:580) ~[?:?]
	at org.apache.jmeter.NewDriver.main(NewDriver.java:259) [ApacheJMeter.jar:5.6.3]
